<?xml version="1.0" encoding="UTF-8"?>
<!-- Generated by org.testng.reporters.JUnitXMLReporter -->
<testsuite ignored="0" hostname="Punchh-RahulGs-MacBook-Pro.local" failures="0" tests="2" name="Default test" time="89.553" errors="0" timestamp="20 Oct 2022 22:08:10 GMT">
  <testcase classname="com.qa.test.FetchDetailsFromAPIAndLogin" name="fetchFromAPIAndCreateAccount" time="39.435"/>
  <testcase classname="com.qa.test.FetchDetailsFromAPIAndLogin" name="purchaseOrder" time="41.983"/>
</testsuite> <!-- Default test -->
