<?xml version="1.0" encoding="UTF-8"?>
<!-- Generated by org.testng.reporters.JUnitXMLReporter -->
<testsuite ignored="0" hostname="Punchh-RahulGs-MacBook-Pro.local" failures="0" tests="2" name="Test" time="96.365" errors="0" timestamp="21 Oct 2022 06:11:34 GMT">
  <testcase classname="com.qa.test.FetchDetailsFromAPIAndLogin" name="fetchFromAPIAndCreateAccount" time="44.715"/>
  <testcase classname="com.qa.test.FetchDetailsFromAPIAndLogin" name="purchaseOrder" time="45.211"/>
</testsuite> <!-- Test -->
